d:\refactor6502\refactor6502\x64\debug\vc143.pdb
d:\refactor6502\refactor6502\x64\debug\vc143.idb
d:\refactor6502\refactor6502\x64\debug\memory.obj
d:\refactor6502\refactor6502\x64\debug\cpu.obj
d:\refactor6502\refactor6502\x64\debug\6502.obj
d:\refactor6502\refactor6502\x64\debug\refactor6502.ilk
d:\refactor6502\x64\debug\refactor6502.pdb
d:\refactor6502\refactor6502\x64\debug\refactor6502.tlog\cl.command.1.tlog
d:\refactor6502\refactor6502\x64\debug\refactor6502.tlog\cl.items.tlog
d:\refactor6502\refactor6502\x64\debug\refactor6502.tlog\cl.read.1.tlog
d:\refactor6502\refactor6502\x64\debug\refactor6502.tlog\cl.write.1.tlog
d:\refactor6502\refactor6502\x64\debug\refactor6502.tlog\link-cvtres.read.1.tlog
d:\refactor6502\refactor6502\x64\debug\refactor6502.tlog\link-cvtres.write.1.tlog
d:\refactor6502\refactor6502\x64\debug\refactor6502.tlog\link-rc.read.1.tlog
d:\refactor6502\refactor6502\x64\debug\refactor6502.tlog\link-rc.write.1.tlog
d:\refactor6502\refactor6502\x64\debug\refactor6502.tlog\link.2504-cvtres.read.1.tlog
d:\refactor6502\refactor6502\x64\debug\refactor6502.tlog\link.2504-cvtres.write.1.tlog
d:\refactor6502\refactor6502\x64\debug\refactor6502.tlog\link.2504-rc.read.1.tlog
d:\refactor6502\refactor6502\x64\debug\refactor6502.tlog\link.2504-rc.write.1.tlog
d:\refactor6502\refactor6502\x64\debug\refactor6502.tlog\link.2504.read.1.tlog
d:\refactor6502\refactor6502\x64\debug\refactor6502.tlog\link.2504.read.2.tlog
d:\refactor6502\refactor6502\x64\debug\refactor6502.tlog\link.2504.write.1.tlog
d:\refactor6502\refactor6502\x64\debug\refactor6502.tlog\link.command.1.tlog
d:\refactor6502\refactor6502\x64\debug\refactor6502.tlog\link.read.1.tlog
d:\refactor6502\refactor6502\x64\debug\refactor6502.tlog\link.read.2.tlog
d:\refactor6502\refactor6502\x64\debug\refactor6502.tlog\link.secondary.1.tlog
d:\refactor6502\refactor6502\x64\debug\refactor6502.tlog\link.write.1.tlog
